{"level":"info","message":"Server is starting on port 8080"}
{"level":"info","message":"Servidor escuchando en el puerto 8080"}
{"level":"info","message":"Connected to the database"}
{"level":"info","message":"Server is starting on port 8080"}
{"level":"info","message":"Servidor escuchando en el puerto 8080"}
{"level":"info","message":"Connected to the database"}
{"level":"info","message":"Server is starting on port 8080"}
{"level":"info","message":"Servidor escuchando en el puerto 8080"}
{"level":"info","message":"Connected to the database"}
{"level":"info","message":"Server is starting on port 8080"}
{"level":"info","message":"Servidor escuchando en el puerto 8080"}
{"level":"info","message":"Connected to the database"}
{"level":"info","message":"Server is starting on port 8080"}
{"level":"info","message":"Servidor escuchando en el puerto 8080"}
{"level":"info","message":"Connected to the database"}
{"level":"info","message":"Server is starting on port 8080"}
{"level":"info","message":"Servidor escuchando en el puerto 8080"}
{"level":"info","message":"Connected to the database"}
{"level":"info","message":"Server is starting on port 8080"}
{"level":"info","message":"Servidor escuchando en el puerto 8080"}
{"level":"info","message":"Connected to the database"}
{"level":"info","message":"Server is starting on port 8080"}
{"level":"info","message":"Servidor escuchando en el puerto 8080"}
{"level":"info","message":"Connected to the database"}
{"level":"info","message":"Server is starting on port 8080"}
{"level":"info","message":"Servidor escuchando en el puerto 8080"}
{"level":"info","message":"Connected to the database"}
{"level":"info","message":"Server is starting on port 8080"}
{"level":"info","message":"Servidor escuchando en el puerto 8080"}
{"level":"info","message":"Connected to the database"}
{"level":"info","message":"Server is starting on port 8080"}
{"level":"info","message":"Servidor escuchando en el puerto 8080"}
{"level":"info","message":"Connected to the database"}
{"level":"info","message":"Server is starting on port 8080"}
{"level":"info","message":"Servidor escuchando en el puerto 8080"}
{"level":"info","message":"Connected to the database"}
{"level":"info","message":"Server is starting on port 8080"}
{"level":"info","message":"Servidor escuchando en el puerto 8080"}
{"level":"info","message":"Connected to the database"}
{"level":"info","message":"Server is starting on port 8080"}
{"level":"info","message":"Servidor escuchando en el puerto 8080"}
{"level":"info","message":"Connected to the database"}
{"level":"info","message":"Server is starting on port 8080"}
{"level":"info","message":"Servidor escuchando en el puerto 8080"}
{"level":"info","message":"Connected to the database"}
{"level":"info","message":"Server is starting on port 8080"}
{"level":"info","message":"Servidor escuchando en el puerto 8080"}
{"level":"info","message":"Connected to the database"}
{"level":"info","message":"Server is starting on port 8080"}
{"level":"info","message":"Servidor escuchando en el puerto 8080"}
{"level":"info","message":"Connected to the database"}
{"level":"info","message":"Server is starting on port 8080"}
{"level":"info","message":"Servidor escuchando en el puerto 8080"}
{"level":"info","message":"Connected to the database"}
{"level":"info","message":"Server is starting on port 8080"}
{"level":"info","message":"Servidor escuchando en el puerto 8080"}
{"level":"info","message":"Connected to the database"}
{"level":"info","message":"Server is starting on port 8080"}
{"level":"info","message":"Servidor escuchando en el puerto 8080"}
{"level":"info","message":"Server is starting on port 8080"}
{"level":"info","message":"Servidor escuchando en el puerto 8080"}
{"level":"info","message":"Connected to the database"}
{"level":"info","message":"Server is starting on port 8080"}
{"level":"info","message":"Servidor escuchando en el puerto 8080"}
{"level":"info","message":"Connected to the database"}
{"level":"info","message":"Server is starting on port 8080"}
{"level":"info","message":"Servidor escuchando en el puerto 8080"}
{"level":"info","message":"Connected to the database"}
{"level":"info","message":"Server is starting on port 8080"}
{"level":"info","message":"Servidor escuchando en el puerto 8080"}
{"level":"info","message":"Connected to the database"}
{"level":"info","message":"Server is starting on port 8080"}
{"level":"info","message":"Servidor escuchando en el puerto 8080"}
{"level":"info","message":"Connected to the database"}
{"level":"info","message":"Server is starting on port 8080"}
{"level":"info","message":"Servidor escuchando en el puerto 8080"}
{"level":"info","message":"Connected to the database"}
{"level":"info","message":"Server is starting on port 8080"}
{"level":"info","message":"Servidor escuchando en el puerto 8080"}
{"level":"info","message":"Connected to the database"}
{"level":"info","message":"Server is starting on port 8080"}
{"level":"info","message":"Servidor escuchando en el puerto 8080"}
{"level":"info","message":"Connected to the database"}
{"level":"info","message":"Server is starting on port 8080"}
{"level":"info","message":"Servidor escuchando en el puerto 8080"}
{"level":"info","message":"Connected to the database"}
{"level":"info","message":"Server is starting on port 8080"}
{"level":"info","message":"Servidor escuchando en el puerto 8080"}
{"level":"info","message":"Connected to the database"}
{"level":"info","message":"Server is starting on port 8080"}
{"level":"info","message":"Servidor escuchando en el puerto 8080"}
{"level":"info","message":"Connected to the database"}
{"level":"info","message":"Server is starting on port 8080"}
{"level":"info","message":"Servidor escuchando en el puerto 8080"}
{"level":"info","message":"Connected to the database"}
{"level":"info","message":"Server is starting on port 8080"}
{"level":"info","message":"Servidor escuchando en el puerto 8080"}
{"level":"info","message":"Connected to the database"}
{"level":"info","message":"Server is starting on port 8080"}
{"level":"info","message":"Servidor escuchando en el puerto 8080"}
{"level":"info","message":"Connected to the database"}
{"level":"info","message":"Server is starting on port 8080"}
{"level":"info","message":"Servidor escuchando en el puerto 8080"}
{"level":"info","message":"Connected to the database"}
{"level":"info","message":"Server is starting on port 8080"}
{"level":"info","message":"Servidor escuchando en el puerto 8080"}
{"level":"info","message":"Connected to the database"}
{"level":"info","message":"Server is starting on port 8080"}
{"level":"info","message":"Servidor escuchando en el puerto 8080"}
{"level":"info","message":"Connected to the database"}
{"level":"info","message":"Server is starting on port 8080"}
{"level":"info","message":"Servidor escuchando en el puerto 8080"}
{"level":"info","message":"Connected to the database"}
{"level":"info","message":"Server is starting on port 8080"}
{"level":"info","message":"Servidor escuchando en el puerto 8080"}
{"level":"info","message":"Connected to the database"}
{"level":"info","message":"Server is starting on port 8080"}
{"level":"info","message":"Servidor escuchando en el puerto 8080"}
{"level":"info","message":"Connected to the database"}
{"level":"info","message":"Server is starting on port 8080"}
{"level":"info","message":"Servidor escuchando en el puerto 8080"}
{"level":"info","message":"Connected to the database"}
{"level":"info","message":"Server is starting on port 8080"}
{"level":"info","message":"Servidor escuchando en el puerto 8080"}
{"level":"info","message":"Connected to the database"}
{"level":"info","message":"Server is starting on port 8080"}
{"level":"info","message":"Servidor escuchando en el puerto 8080"}
{"level":"info","message":"Connected to the database"}
{"level":"info","message":"Server is starting on port 8080"}
{"level":"info","message":"Servidor escuchando en el puerto 8080"}
{"level":"info","message":"Connected to the database"}
{"level":"info","message":"Server is starting on port 8080"}
{"level":"info","message":"Servidor escuchando en el puerto 8080"}
{"level":"info","message":"Connected to the database"}
{"level":"info","message":"Server is starting on port 8080"}
{"level":"info","message":"Servidor escuchando en el puerto 8080"}
{"level":"info","message":"Connected to the database"}
{"level":"info","message":"Server is starting on port 8080"}
{"level":"info","message":"Servidor escuchando en el puerto 8080"}
{"level":"info","message":"Server is starting on port 8080"}
{"level":"info","message":"Servidor escuchando en el puerto 8080"}
{"level":"info","message":"Connected to the database"}
{"level":"info","message":"Server is starting on port 8080"}
{"level":"info","message":"Servidor escuchando en el puerto 8080"}
{"level":"info","message":"Connected to the database"}
{"level":"info","message":"Server is starting on port 8080"}
{"level":"info","message":"Servidor escuchando en el puerto 8080"}
{"level":"info","message":"Connected to the database"}
{"level":"info","message":"Server is starting on port 8080"}
{"level":"info","message":"Servidor escuchando en el puerto 8080"}
{"level":"info","message":"Connected to the database"}
{"level":"info","message":"Server is starting on port 8080"}
{"level":"info","message":"Servidor escuchando en el puerto 8080"}
{"level":"info","message":"Connected to the database"}
{"level":"info","message":"Server is starting on port 8080"}
{"level":"info","message":"Servidor escuchando en el puerto 8080"}
{"level":"info","message":"Connected to the database"}
{"level":"info","message":"Server is starting on port 8080"}
{"level":"info","message":"Servidor escuchando en el puerto 8080"}
{"level":"info","message":"Connected to the database"}
{"level":"info","message":"Server is starting on port 8080"}
{"level":"info","message":"Servidor escuchando en el puerto 8080"}
{"level":"info","message":"Connected to the database"}
{"level":"info","message":"Server is starting on port 8080"}
{"level":"info","message":"Servidor escuchando en el puerto 8080"}
{"level":"info","message":"Connected to the database"}
{"level":"info","message":"Server is starting on port 8080"}
{"level":"info","message":"Servidor escuchando en el puerto 8080"}
{"level":"info","message":"Connected to the database"}
{"level":"info","message":"Server is starting on port 8080"}
{"level":"info","message":"Servidor escuchando en el puerto 8080"}
{"level":"info","message":"Connected to the database"}
{"level":"info","message":"Server is starting on port 8080"}
{"level":"info","message":"Servidor escuchando en el puerto 8080"}
{"level":"info","message":"Connected to the database"}
{"level":"info","message":"Server is starting on port 8080"}
{"level":"info","message":"Servidor escuchando en el puerto 8080"}
{"level":"info","message":"Connected to the database"}
{"level":"info","message":"Server is starting on port 8080"}
{"level":"info","message":"Servidor escuchando en el puerto 8080"}
{"level":"info","message":"Server is starting on port 8080"}
{"level":"info","message":"Servidor escuchando en el puerto 8080"}
{"level":"info","message":"Connected to the database"}
{"level":"info","message":"Server is starting on port 8080"}
{"level":"info","message":"Servidor escuchando en el puerto 8080"}
{"level":"info","message":"Connected to the database"}
{"level":"info","message":"Server is starting on port 8080"}
{"level":"info","message":"Servidor escuchando en el puerto 8080"}
{"level":"info","message":"Connected to the database"}
{"level":"info","message":"Server is starting on port 8080"}
{"level":"info","message":"Servidor escuchando en el puerto 8080"}
{"level":"info","message":"Connected to the database"}
{"level":"info","message":"Server is starting on port 8080"}
{"level":"info","message":"Servidor escuchando en el puerto 8080"}
{"level":"info","message":"Connected to the database"}
{"level":"info","message":"Server is starting on port 8080"}
{"level":"info","message":"Servidor escuchando en el puerto 8080"}
{"level":"info","message":"Connected to the database"}
{"level":"info","message":"Server is starting on port 8080"}
{"level":"info","message":"Servidor escuchando en el puerto 8080"}
{"level":"info","message":"Connected to the database"}
{"level":"info","message":"Server is starting on port 8080"}
{"level":"info","message":"Servidor escuchando en el puerto 8080"}
{"level":"info","message":"Server is starting on port 8080"}
{"level":"info","message":"Servidor escuchando en el puerto 8080"}
{"level":"info","message":"Connected to the database"}
{"level":"info","message":"Server is starting on port 8080"}
{"level":"info","message":"Servidor escuchando en el puerto 8080"}
{"level":"info","message":"Connected to the database"}
{"level":"info","message":"Server is starting on port 8080"}
{"level":"info","message":"Servidor escuchando en el puerto 8080"}
{"level":"info","message":"Connected to the database"}
{"level":"error","message":{"_consuming":false,"_dumped":false,"_events":{},"_parsedOriginalUrl":{"_raw":"/products","auth":null,"hash":null,"host":null,"hostname":null,"href":"/products","path":"/products","pathname":"/products","port":null,"protocol":null,"query":null,"search":null,"slashes":null},"_parsedUrl":{"_raw":"/products","auth":null,"hash":null,"host":null,"hostname":null,"href":"/products","path":"/products","pathname":"/products","port":null,"protocol":null,"query":null,"search":null,"slashes":null},"_passport":{"instance":{"_deserializers":[null],"_framework":{},"_infoTransformers":[],"_key":"passport","_serializers":[null],"_sm":{"_key":"passport"},"_strategies":{"github":{"_allRawEmails":false,"_callbackURL":"http://localhost:8080/session/githubcallback","_key":"oauth2:github.com","_oauth2":{"_accessTokenName":"access_token","_accessTokenUrl":"https://github.com/login/oauth/access_token","_authMethod":"Bearer","_authorizeUrl":"https://github.com/login/oauth/authorize","_baseSite":"","_clientId":"Iv1.2e71bcd0f250d34c","_clientSecret":"ddcfb192c6f2730dffb9354d4b06ed2ac9bb1d84","_customHeaders":{"User-Agent":"passport-github"},"_useAuthorizationHeaderForGET":true},"_scopeSeparator":",","_skipUserProfile":false,"_stateStore":{},"_userEmailURL":"https://api.github.com/user/emails","_userProfileURL":"https://api.github.com/user","name":"github"},"local":{"_passwordField":"password","_usernameField":"email","name":"local"},"session":{"_key":"passport","name":"session"}},"_userProperty":"user","strategies":{}}},"_readableState":{"awaitDrainWriters":null,"buffer":[],"bufferIndex":0,"highWaterMark":16384,"length":0,"pipes":[]},"_sessionManager":{"_key":"passport"},"aborted":false,"baseUrl":"","body":{},"client":{"_closeAfterHandlingError":false,"_events":{"close":[null,null],"end":[null,null]},"_eventsCount":8,"_hadError":false,"_host":null,"_httpMessage":{"_closed":false,"_contentLength":null,"_defaultKeepAlive":true,"_events":{},"_eventsCount":1,"_expect_continue":false,"_hasBody":true,"_header":null,"_headerSent":false,"_keepAliveTimeout":5000,"_last":false,"_maxRequestsPerSocket":0,"_removedConnection":false,"_removedContLen":false,"_removedTE":false,"_sent100":false,"_trailer":"","chunkedEncoding":false,"destroyed":false,"finished":false,"locals":{},"maxRequestsOnConnectionReached":false,"outputData":[],"outputSize":0,"req":"[Circular]","sendDate":true,"shouldKeepAlive":true,"socket":"[Circular]","strictContentLength":false,"useChunkedEncodingByDefault":true,"writable":true},"_parent":null,"_paused":false,"_pendingData":null,"_pendingEncoding":"","_readableState":{"awaitDrainWriters":null,"buffer":[],"bufferIndex":0,"highWaterMark":16384,"length":0,"pipes":[]},"_server":{"_connectionKey":"6::::8080","_connections":2,"_events":{"listening":[null,null]},"_eventsCount":5,"_handle":{"reading":false},"_unref":false,"_usingWorkers":false,"_workers":[],"allowHalfOpen":true,"connectionsCheckingInterval":30000,"headersTimeout":60000,"highWaterMark":16384,"httpAllowHalfOpen":false,"keepAlive":false,"keepAliveInitialDelay":0,"keepAliveTimeout":5000,"maxHeadersCount":null,"maxRequestsPerSocket":0,"noDelay":true,"pauseOnConnect":false,"rejectNonStandardBodyWrites":false,"requestTimeout":300000,"requireHostHeader":true,"timeout":0},"_sockname":null,"_writableState":{"bufferedIndex":0,"corked":0,"highWaterMark":16384,"length":0,"pendingcb":0,"writelen":0},"allowHalfOpen":true,"connecting":false,"parser":{"0":null,"_consumed":true,"_headers":[],"_url":"","incoming":"[Circular]","joinDuplicateHeaders":null,"maxHeaderPairs":2000,"outgoing":null,"socket":"[Circular]"},"server":{"_connectionKey":"6::::8080","_connections":2,"_events":{"listening":[null,null]},"_eventsCount":5,"_handle":{"reading":false},"_unref":false,"_usingWorkers":false,"_workers":[],"allowHalfOpen":true,"connectionsCheckingInterval":30000,"headersTimeout":60000,"highWaterMark":16384,"httpAllowHalfOpen":false,"keepAlive":false,"keepAliveInitialDelay":0,"keepAliveTimeout":5000,"maxHeadersCount":null,"maxRequestsPerSocket":0,"noDelay":true,"pauseOnConnect":false,"rejectNonStandardBodyWrites":false,"requestTimeout":300000,"requireHostHeader":true,"timeout":0}},"complete":true,"httpVersion":"1.1","httpVersionMajor":1,"httpVersionMinor":1,"joinDuplicateHeaders":null,"method":"GET","originalUrl":"/products","params":{},"query":{},"rawHeaders":["Host","localhost:8080","Connection","keep-alive","sec-ch-ua","\"Not)A;Brand\";v=\"99\", \"Google Chrome\";v=\"127\", \"Chromium\";v=\"127\"","sec-ch-ua-mobile","?0","sec-ch-ua-platform","\"macOS\"","Upgrade-Insecure-Requests","1","User-Agent","Mozilla/5.0 (Macintosh; Intel Mac OS X 10_15_7) AppleWebKit/537.36 (KHTML, like Gecko) Chrome/127.0.0.0 Safari/537.36","Accept","text/html,application/xhtml+xml,application/xml;q=0.9,image/avif,image/webp,image/apng,*/*;q=0.8,application/signed-exchange;v=b3;q=0.7","Sec-Fetch-Site","none","Sec-Fetch-Mode","navigate","Sec-Fetch-User","?1","Sec-Fetch-Dest","document","Accept-Encoding","gzip, deflate, br, zstd","Accept-Language","es-419,es;q=0.9","Cookie","connect.sid=s%3AqCRAHq5ioullYIC8gfCgBs34_y3ynB32.Qt5OTxWupjmJWFua1jXDH%2BOSWs8Ev4rnGV46ZedIBJI"],"rawTrailers":[],"res":{"_closed":false,"_contentLength":null,"_defaultKeepAlive":true,"_events":{},"_eventsCount":1,"_expect_continue":false,"_hasBody":true,"_header":null,"_headerSent":false,"_keepAliveTimeout":5000,"_last":false,"_maxRequestsPerSocket":0,"_removedConnection":false,"_removedContLen":false,"_removedTE":false,"_sent100":false,"_trailer":"","chunkedEncoding":false,"destroyed":false,"finished":false,"locals":{},"maxRequestsOnConnectionReached":false,"outputData":[],"outputSize":0,"req":"[Circular]","sendDate":true,"shouldKeepAlive":true,"socket":{"_closeAfterHandlingError":false,"_events":{"close":[null,null],"end":[null,null]},"_eventsCount":8,"_hadError":false,"_host":null,"_httpMessage":"[Circular]","_parent":null,"_paused":false,"_pendingData":null,"_pendingEncoding":"","_readableState":{"awaitDrainWriters":null,"buffer":[],"bufferIndex":0,"highWaterMark":16384,"length":0,"pipes":[]},"_server":{"_connectionKey":"6::::8080","_connections":2,"_events":{"listening":[null,null]},"_eventsCount":5,"_handle":{"reading":false},"_unref":false,"_usingWorkers":false,"_workers":[],"allowHalfOpen":true,"connectionsCheckingInterval":30000,"headersTimeout":60000,"highWaterMark":16384,"httpAllowHalfOpen":false,"keepAlive":false,"keepAliveInitialDelay":0,"keepAliveTimeout":5000,"maxHeadersCount":null,"maxRequestsPerSocket":0,"noDelay":true,"pauseOnConnect":false,"rejectNonStandardBodyWrites":false,"requestTimeout":300000,"requireHostHeader":true,"timeout":0},"_sockname":null,"_writableState":{"bufferedIndex":0,"corked":0,"highWaterMark":16384,"length":0,"pendingcb":0,"writelen":0},"allowHalfOpen":true,"connecting":false,"parser":{"0":null,"_consumed":true,"_headers":[],"_url":"","incoming":"[Circular]","joinDuplicateHeaders":null,"maxHeaderPairs":2000,"outgoing":null,"socket":"[Circular]"},"server":{"_connectionKey":"6::::8080","_connections":2,"_events":{"listening":[null,null]},"_eventsCount":5,"_handle":{"reading":false},"_unref":false,"_usingWorkers":false,"_workers":[],"allowHalfOpen":true,"connectionsCheckingInterval":30000,"headersTimeout":60000,"highWaterMark":16384,"httpAllowHalfOpen":false,"keepAlive":false,"keepAliveInitialDelay":0,"keepAliveTimeout":5000,"maxHeadersCount":null,"maxRequestsPerSocket":0,"noDelay":true,"pauseOnConnect":false,"rejectNonStandardBodyWrites":false,"requestTimeout":300000,"requireHostHeader":true,"timeout":0}},"strictContentLength":false,"useChunkedEncodingByDefault":true,"writable":true},"session":{"cookie":{"expires":null,"httpOnly":true,"originalMaxAge":null,"path":"/","secure":false}},"sessionID":"uiIzQJfRP0fD6XrJqsTy9biv_t7BgGJi","sessionStore":{"_events":{},"_eventsCount":2,"clientP":{},"collectionP":{},"crypto":null,"options":{"autoRemove":"native","autoRemoveInterval":10,"collectionName":"sessions","crypto":{"algorithm":"aes-256-gcm","at_size":16,"encodeas":"base64","hashing":"sha512","iv_size":16,"key_size":32,"secret":false},"mongoOptions":{},"mongoUrl":"mongodb+srv://nicolas95u:coder1234@cluster0.84npekh.mongodb.net/?retryWrites=true&w=majority&appName=Cluster0","stringify":true,"touchAfter":0,"ttl":3600},"transformFunctions":{}},"socket":{"_closeAfterHandlingError":false,"_events":{"close":[null,null],"end":[null,null]},"_eventsCount":8,"_hadError":false,"_host":null,"_httpMessage":{"_closed":false,"_contentLength":null,"_defaultKeepAlive":true,"_events":{},"_eventsCount":1,"_expect_continue":false,"_hasBody":true,"_header":null,"_headerSent":false,"_keepAliveTimeout":5000,"_last":false,"_maxRequestsPerSocket":0,"_removedConnection":false,"_removedContLen":false,"_removedTE":false,"_sent100":false,"_trailer":"","chunkedEncoding":false,"destroyed":false,"finished":false,"locals":{},"maxRequestsOnConnectionReached":false,"outputData":[],"outputSize":0,"req":"[Circular]","sendDate":true,"shouldKeepAlive":true,"socket":"[Circular]","strictContentLength":false,"useChunkedEncodingByDefault":true,"writable":true},"_parent":null,"_paused":false,"_pendingData":null,"_pendingEncoding":"","_readableState":{"awaitDrainWriters":null,"buffer":[],"bufferIndex":0,"highWaterMark":16384,"length":0,"pipes":[]},"_server":{"_connectionKey":"6::::8080","_connections":2,"_events":{"listening":[null,null]},"_eventsCount":5,"_handle":{"reading":false},"_unref":false,"_usingWorkers":false,"_workers":[],"allowHalfOpen":true,"connectionsCheckingInterval":30000,"headersTimeout":60000,"highWaterMark":16384,"httpAllowHalfOpen":false,"keepAlive":false,"keepAliveInitialDelay":0,"keepAliveTimeout":5000,"maxHeadersCount":null,"maxRequestsPerSocket":0,"noDelay":true,"pauseOnConnect":false,"rejectNonStandardBodyWrites":false,"requestTimeout":300000,"requireHostHeader":true,"timeout":0},"_sockname":null,"_writableState":{"bufferedIndex":0,"corked":0,"highWaterMark":16384,"length":0,"pendingcb":0,"writelen":0},"allowHalfOpen":true,"connecting":false,"parser":{"0":null,"_consumed":true,"_headers":[],"_url":"","incoming":"[Circular]","joinDuplicateHeaders":null,"maxHeaderPairs":2000,"outgoing":null,"socket":"[Circular]"},"server":{"_connectionKey":"6::::8080","_connections":2,"_events":{"listening":[null,null]},"_eventsCount":5,"_handle":{"reading":false},"_unref":false,"_usingWorkers":false,"_workers":[],"allowHalfOpen":true,"connectionsCheckingInterval":30000,"headersTimeout":60000,"highWaterMark":16384,"httpAllowHalfOpen":false,"keepAlive":false,"keepAliveInitialDelay":0,"keepAliveTimeout":5000,"maxHeadersCount":null,"maxRequestsPerSocket":0,"noDelay":true,"pauseOnConnect":false,"rejectNonStandardBodyWrites":false,"requestTimeout":300000,"requireHostHeader":true,"timeout":0}},"statusCode":null,"statusMessage":null,"upgrade":false,"url":"/products"}}
{"level":"info","message":"Server is starting on port 8080"}
{"level":"info","message":"Servidor escuchando en el puerto 8080"}
{"level":"info","message":"Connected to the database"}
{"level":"error","message":"Error fetching products: Product.paginate is not a function","stack":"TypeError: Product.paginate is not a function\n    at ProductManager.getProducts (file:///Users/nicolassierra/Desktop/back-rosquilla/dao/mongoDb/ProductManagerMongo.js:28:28)\n    at getAllProducts (file:///Users/nicolassierra/Desktop/back-rosquilla/controllers/productController.js:62:41)\n    at Layer.handle [as handle_request] (/Users/nicolassierra/Desktop/back-rosquilla/node_modules/express/lib/router/layer.js:95:5)\n    at next (/Users/nicolassierra/Desktop/back-rosquilla/node_modules/express/lib/router/route.js:149:13)\n    at Route.dispatch (/Users/nicolassierra/Desktop/back-rosquilla/node_modules/express/lib/router/route.js:119:3)\n    at Layer.handle [as handle_request] (/Users/nicolassierra/Desktop/back-rosquilla/node_modules/express/lib/router/layer.js:95:5)\n    at /Users/nicolassierra/Desktop/back-rosquilla/node_modules/express/lib/router/index.js:284:15\n    at Function.process_params (/Users/nicolassierra/Desktop/back-rosquilla/node_modules/express/lib/router/index.js:346:12)\n    at next (/Users/nicolassierra/Desktop/back-rosquilla/node_modules/express/lib/router/index.js:280:10)\n    at Function.handle (/Users/nicolassierra/Desktop/back-rosquilla/node_modules/express/lib/router/index.js:175:3)"}
{"level":"error","message":"Error al obtener productos: Unable to fetch products","stack":"Error: Unable to fetch products\n    at ProductManager.getProducts (file:///Users/nicolassierra/Desktop/back-rosquilla/dao/mongoDb/ProductManagerMongo.js:31:13)\n    at getAllProducts (file:///Users/nicolassierra/Desktop/back-rosquilla/controllers/productController.js:62:41)\n    at Layer.handle [as handle_request] (/Users/nicolassierra/Desktop/back-rosquilla/node_modules/express/lib/router/layer.js:95:5)\n    at next (/Users/nicolassierra/Desktop/back-rosquilla/node_modules/express/lib/router/route.js:149:13)\n    at Route.dispatch (/Users/nicolassierra/Desktop/back-rosquilla/node_modules/express/lib/router/route.js:119:3)\n    at Layer.handle [as handle_request] (/Users/nicolassierra/Desktop/back-rosquilla/node_modules/express/lib/router/layer.js:95:5)\n    at /Users/nicolassierra/Desktop/back-rosquilla/node_modules/express/lib/router/index.js:284:15\n    at Function.process_params (/Users/nicolassierra/Desktop/back-rosquilla/node_modules/express/lib/router/index.js:346:12)\n    at next (/Users/nicolassierra/Desktop/back-rosquilla/node_modules/express/lib/router/index.js:280:10)\n    at Function.handle (/Users/nicolassierra/Desktop/back-rosquilla/node_modules/express/lib/router/index.js:175:3)"}
{"level":"info","message":"Server is starting on port 8080"}
{"level":"info","message":"Servidor escuchando en el puerto 8080"}
{"level":"info","message":"Connected to the database"}
{"level":"error","message":"Error fetching products: Product.paginate is not a function","stack":"TypeError: Product.paginate is not a function\n    at ProductManager.getProducts (file:///Users/nicolassierra/Desktop/back-rosquilla/dao/mongoDb/ProductManagerMongo.js:28:28)\n    at getAllProducts (file:///Users/nicolassierra/Desktop/back-rosquilla/controllers/productController.js:62:41)\n    at Layer.handle [as handle_request] (/Users/nicolassierra/Desktop/back-rosquilla/node_modules/express/lib/router/layer.js:95:5)\n    at next (/Users/nicolassierra/Desktop/back-rosquilla/node_modules/express/lib/router/route.js:149:13)\n    at Route.dispatch (/Users/nicolassierra/Desktop/back-rosquilla/node_modules/express/lib/router/route.js:119:3)\n    at Layer.handle [as handle_request] (/Users/nicolassierra/Desktop/back-rosquilla/node_modules/express/lib/router/layer.js:95:5)\n    at /Users/nicolassierra/Desktop/back-rosquilla/node_modules/express/lib/router/index.js:284:15\n    at Function.process_params (/Users/nicolassierra/Desktop/back-rosquilla/node_modules/express/lib/router/index.js:346:12)\n    at next (/Users/nicolassierra/Desktop/back-rosquilla/node_modules/express/lib/router/index.js:280:10)\n    at Function.handle (/Users/nicolassierra/Desktop/back-rosquilla/node_modules/express/lib/router/index.js:175:3)"}
{"level":"error","message":"Error al obtener productos: Unable to fetch products","stack":"Error: Unable to fetch products\n    at ProductManager.getProducts (file:///Users/nicolassierra/Desktop/back-rosquilla/dao/mongoDb/ProductManagerMongo.js:31:13)\n    at getAllProducts (file:///Users/nicolassierra/Desktop/back-rosquilla/controllers/productController.js:62:41)\n    at Layer.handle [as handle_request] (/Users/nicolassierra/Desktop/back-rosquilla/node_modules/express/lib/router/layer.js:95:5)\n    at next (/Users/nicolassierra/Desktop/back-rosquilla/node_modules/express/lib/router/route.js:149:13)\n    at Route.dispatch (/Users/nicolassierra/Desktop/back-rosquilla/node_modules/express/lib/router/route.js:119:3)\n    at Layer.handle [as handle_request] (/Users/nicolassierra/Desktop/back-rosquilla/node_modules/express/lib/router/layer.js:95:5)\n    at /Users/nicolassierra/Desktop/back-rosquilla/node_modules/express/lib/router/index.js:284:15\n    at Function.process_params (/Users/nicolassierra/Desktop/back-rosquilla/node_modules/express/lib/router/index.js:346:12)\n    at next (/Users/nicolassierra/Desktop/back-rosquilla/node_modules/express/lib/router/index.js:280:10)\n    at Function.handle (/Users/nicolassierra/Desktop/back-rosquilla/node_modules/express/lib/router/index.js:175:3)"}
{"level":"info","message":"Server is starting on port 8080"}
{"level":"info","message":"Servidor escuchando en el puerto 8080"}
{"level":"info","message":"Connected to the database"}
{"level":"info","message":"Server is starting on port 8080"}
{"level":"info","message":"Servidor escuchando en el puerto 8080"}
{"level":"info","message":"Connected to the database"}
{"level":"info","message":"Server is starting on port 8080"}
{"level":"info","message":"Servidor escuchando en el puerto 8080"}
{"level":"info","message":"Connected to the database"}
{"level":"info","message":"Server is starting on port 8080"}
{"level":"info","message":"Servidor escuchando en el puerto 8080"}
{"level":"info","message":"Connected to the database"}
{"level":"info","message":"Server is starting on port 8080"}
{"level":"info","message":"Servidor escuchando en el puerto 8080"}
{"level":"info","message":"Connected to the database"}
{"level":"info","message":"Server is starting on port 8080"}
{"level":"info","message":"Servidor escuchando en el puerto 8080"}
{"level":"info","message":"Connected to the database"}
{"level":"info","message":"Server is starting on port 8080"}
{"level":"info","message":"Servidor escuchando en el puerto 8080"}
{"level":"info","message":"Connected to the database"}
{"level":"info","message":"Server is starting on port 8080"}
{"level":"info","message":"Servidor escuchando en el puerto 8080"}
{"level":"info","message":"Connected to the database"}
{"level":"info","message":"Server is starting on port 8080"}
{"level":"info","message":"Servidor escuchando en el puerto 8080"}
{"level":"info","message":"Connected to the database"}
{"level":"info","message":"Server is starting on port 8080"}
{"level":"info","message":"Servidor escuchando en el puerto 8080"}
{"level":"info","message":"Server is starting on port 8080"}
{"level":"info","message":"Servidor escuchando en el puerto 8080"}
{"level":"info","message":"Connected to the database"}
{"level":"info","message":"Server is starting on port 8080"}
{"level":"info","message":"Servidor escuchando en el puerto 8080"}
{"level":"info","message":"Connected to the database"}
{"level":"info","message":"Server is starting on port 8080"}
{"level":"info","message":"Servidor escuchando en el puerto 8080"}
{"level":"info","message":"Connected to the database"}
{"level":"info","message":"GET / - Homepage"}
{"level":"info","message":"Server is starting on port 8080"}
{"level":"info","message":"Servidor escuchando en el puerto 8080"}
{"level":"info","message":"Connected to the database"}
{"level":"info","message":"Server is starting on port 8080"}
{"level":"info","message":"Servidor escuchando en el puerto 8080"}
{"level":"info","message":"Connected to the database"}
{"level":"info","message":"Server is starting on port 8080"}
{"level":"info","message":"Servidor escuchando en el puerto 8080"}
{"level":"info","message":"Connected to the database"}
{"level":"info","message":"Server is starting on port 8080"}
{"level":"info","message":"Servidor escuchando en el puerto 8080"}
{"level":"info","message":"Connected to the database"}
{"level":"info","message":"Server is starting on port 8080"}
{"level":"info","message":"Servidor escuchando en el puerto 8080"}
{"level":"info","message":"Server is starting on port 8080"}
{"level":"info","message":"Servidor escuchando en el puerto 8080"}
{"level":"info","message":"Connected to the database"}
{"level":"info","message":"Server is starting on port 8080"}
{"level":"info","message":"Servidor escuchando en el puerto 8080"}
{"level":"info","message":"Connected to the database"}
{"level":"info","message":"Server is starting on port 8080"}
{"level":"info","message":"Servidor escuchando en el puerto 8080"}
{"level":"info","message":"Connected to the database"}
{"level":"info","message":"GET / - Homepage"}
{"level":"info","message":"Server is starting on port 8080"}
{"level":"info","message":"Servidor escuchando en el puerto 8080"}
{"level":"info","message":"Connected to the database"}
{"level":"info","message":"GET / - Homepage"}
{"level":"info","message":"Server is starting on port 8080"}
{"level":"info","message":"Servidor escuchando en el puerto 8080"}
{"level":"info","message":"Server is starting on port 8080"}
{"level":"info","message":"Servidor escuchando en el puerto 8080"}
{"level":"info","message":"Connected to the database"}
{"level":"info","message":"Server is starting on port 8080"}
{"level":"info","message":"Servidor escuchando en el puerto 8080"}
{"level":"info","message":"Connected to the database"}
{"level":"info","message":"GET / - Homepage"}
{"level":"info","message":"Server is starting on port 8080"}
{"level":"info","message":"Servidor escuchando en el puerto 8080"}
{"level":"info","message":"Connected to the database"}
{"level":"info","message":"Server is starting on port 8080"}
{"level":"info","message":"Servidor escuchando en el puerto 8080"}
{"level":"info","message":"Connected to the database"}
{"level":"info","message":"Server is starting on port 8080"}
{"level":"info","message":"Servidor escuchando en el puerto 8080"}
{"level":"info","message":"Connected to the database"}
{"level":"info","message":"Server is starting on port 8080"}
{"level":"info","message":"Servidor escuchando en el puerto 8080"}
{"level":"info","message":"Connected to the database"}
{"level":"info","message":"Server is starting on port 8080"}
{"level":"info","message":"Servidor escuchando en el puerto 8080"}
{"level":"info","message":"Connected to the database"}
{"level":"info","message":"Server is starting on port 8080"}
{"level":"info","message":"Servidor escuchando en el puerto 8080"}
{"level":"info","message":"Connected to the database"}
{"level":"info","message":"Server is starting on port 8080"}
{"level":"info","message":"Servidor escuchando en el puerto 8080"}
{"level":"info","message":"Connected to the database"}
{"level":"info","message":"Server is starting on port 8080"}
{"level":"info","message":"Servidor escuchando en el puerto 8080"}
{"level":"info","message":"Connected to the database"}
{"level":"info","message":"Server is starting on port 8080"}
{"level":"info","message":"Servidor escuchando en el puerto 8080"}
{"level":"info","message":"Connected to the database"}
{"level":"info","message":"Server is starting on port 8080"}
{"level":"info","message":"Servidor escuchando en el puerto 8080"}
{"level":"info","message":"Server is starting on port 8080"}
{"level":"info","message":"Servidor escuchando en el puerto 8080"}
{"level":"info","message":"Connected to the database"}
{"level":"info","message":"Server is starting on port 8080"}
{"level":"info","message":"Servidor escuchando en el puerto 8080"}
{"level":"info","message":"Connected to the database"}
{"level":"info","message":"Server is starting on port 8080"}
{"level":"info","message":"Servidor escuchando en el puerto 8080"}
{"level":"info","message":"Connected to the database"}
{"level":"info","message":"Server is starting on port 8080"}
{"level":"info","message":"Servidor escuchando en el puerto 8080"}
{"level":"info","message":"Connected to the database"}
{"level":"info","message":"Server is starting on port 8080"}
{"level":"info","message":"Servidor escuchando en el puerto 8080"}
{"level":"info","message":"Connected to the database"}
{"level":"info","message":"Server is starting on port 8080"}
{"level":"info","message":"Servidor escuchando en el puerto 8080"}
{"level":"info","message":"Connected to the database"}
{"level":"info","message":"Server is starting on port 8080"}
{"level":"info","message":"Servidor escuchando en el puerto 8080"}
{"level":"info","message":"Connected to the database"}
{"level":"info","message":"Server is starting on port 8080"}
{"level":"info","message":"Servidor escuchando en el puerto 8080"}
{"level":"info","message":"Connected to the database"}
{"level":"info","message":"Server is starting on port 8080"}
{"level":"info","message":"Servidor escuchando en el puerto 8080"}
{"level":"info","message":"Connected to the database"}
{"level":"info","message":"Server is starting on port 8080"}
{"level":"info","message":"Servidor escuchando en el puerto 8080"}
{"level":"info","message":"Connected to the database"}
{"level":"info","message":"Server is starting on port 8080"}
{"level":"info","message":"Servidor escuchando en el puerto 8080"}
{"level":"info","message":"Connected to the database"}
{"level":"info","message":"Server is starting on port 8080"}
{"level":"info","message":"Servidor escuchando en el puerto 8080"}
{"level":"info","message":"Connected to the database"}
{"level":"info","message":"Server is starting on port 8080"}
{"level":"info","message":"Servidor escuchando en el puerto 8080"}
{"level":"info","message":"Connected to the database"}
{"level":"info","message":"Server is starting on port 8080"}
{"level":"info","message":"Servidor escuchando en el puerto 8080"}
{"level":"info","message":"Connected to the database"}
{"level":"info","message":"Server is starting on port 8080"}
{"level":"info","message":"Servidor escuchando en el puerto 8080"}
{"level":"info","message":"Connected to the database"}
{"level":"info","message":"Server is starting on port 8080"}
{"level":"info","message":"Servidor escuchando en el puerto 8080"}
{"level":"info","message":"Connected to the database"}
{"level":"info","message":"Server is starting on port 8080"}
{"level":"info","message":"Servidor escuchando en el puerto 8080"}
{"level":"info","message":"Connected to the database"}
{"level":"info","message":"Server is starting on port 8080"}
{"level":"info","message":"Servidor escuchando en el puerto 8080"}
{"level":"info","message":"Connected to the database"}
{"level":"info","message":"Server is starting on port 8080"}
{"level":"info","message":"Servidor escuchando en el puerto 8080"}
{"level":"info","message":"Connected to the database"}
{"level":"info","message":"Server is starting on port 8080"}
{"level":"info","message":"Servidor escuchando en el puerto 8080"}
{"level":"info","message":"Connected to the database"}
{"level":"info","message":"Server is starting on port 8080"}
{"level":"info","message":"Servidor escuchando en el puerto 8080"}
{"level":"info","message":"Connected to the database"}
{"level":"info","message":"Server is starting on port 8080"}
{"level":"info","message":"Servidor escuchando en el puerto 8080"}
{"level":"info","message":"Connected to the database"}
{"level":"info","message":"Server is starting on port 8080"}
{"level":"info","message":"Servidor escuchando en el puerto 8080"}
{"level":"info","message":"Server is starting on port 8080"}
{"level":"info","message":"Servidor escuchando en el puerto 8080"}
{"level":"info","message":"Connected to the database"}
{"level":"info","message":"Server is starting on port 8080"}
{"level":"info","message":"Servidor escuchando en el puerto 8080"}
{"level":"info","message":"Connected to the database"}
{"level":"info","message":"Server is starting on port 8080"}
{"level":"info","message":"Servidor escuchando en el puerto 8080"}
{"level":"info","message":"Connected to the database"}
{"level":"info","message":"Server is starting on port 8080"}
{"level":"info","message":"Servidor escuchando en el puerto 8080"}
{"level":"info","message":"Connected to the database"}
{"level":"info","message":"Server is starting on port 8080"}
{"level":"info","message":"Servidor escuchando en el puerto 8080"}
{"level":"info","message":"Connected to the database"}
{"level":"info","message":"Server is starting on port 8080"}
{"level":"info","message":"Servidor escuchando en el puerto 8080"}
{"level":"info","message":"Connected to the database"}
{"level":"info","message":"Server is starting on port 8080"}
{"level":"info","message":"Servidor escuchando en el puerto 8080"}
{"level":"info","message":"Connected to the database"}
{"level":"info","message":"Server is starting on port 8080"}
{"level":"info","message":"Servidor escuchando en el puerto 8080"}
{"level":"info","message":"Connected to the database"}
{"level":"warn","message":"User already exists: test@beispiel.de"}
{"level":"warn","message":"User already exists: tesst@beispiel.de"}
{"level":"info","message":"Server is starting on port 8080"}
{"level":"info","message":"Servidor escuchando en el puerto 8080"}
{"level":"info","message":"Connected to the database"}
{"level":"info","message":"Server is starting on port 8080"}
{"level":"info","message":"Servidor escuchando en el puerto 8080"}
{"level":"info","message":"Connected to the database"}
{"level":"info","message":"Server is starting on port 8080"}
{"level":"info","message":"Servidor escuchando en el puerto 8080"}
{"level":"info","message":"Connected to the database"}
{"level":"info","message":"Server is starting on port 8080"}
{"level":"info","message":"Servidor escuchando en el puerto 8080"}
{"level":"info","message":"Connected to the database"}
{"level":"info","message":"Server is starting on port 8080"}
{"level":"info","message":"Servidor escuchando en el puerto 8080"}
{"level":"info","message":"Connected to the database"}
{"level":"info","message":"Server is starting on port 8080"}
{"level":"info","message":"Servidor escuchando en el puerto 8080"}
{"level":"info","message":"Connected to the database"}
{"level":"info","message":"Server is starting on port 8080"}
{"level":"info","message":"Servidor escuchando en el puerto 8080"}
{"level":"info","message":"Connected to the database"}
{"level":"warn","message":"User already exists: tessst@beispiel.de"}
{"level":"warn","message":"User already exists: markito@cerro.com"}
{"level":"info","message":"Server is starting on port 8080"}
{"level":"info","message":"Servidor escuchando en el puerto 8080"}
{"level":"info","message":"Connected to the database"}
{"level":"info","message":"Server is starting on port 8080"}
{"level":"info","message":"Servidor escuchando en el puerto 8080"}
{"level":"info","message":"Connected to the database"}
{"level":"warn","message":"User already exists: maraskito@cerro.com"}
{"level":"info","message":"Server is starting on port 8080"}
{"level":"info","message":"Servidor escuchando en el puerto 8080"}
{"level":"info","message":"Connected to the database"}
{"level":"warn","message":"User already exists: maraswkito@cerro.com"}
{"level":"info","message":"Server is starting on port 8080"}
{"level":"info","message":"Servidor escuchando en el puerto 8080"}
{"level":"info","message":"Connected to the database"}
{"_message":"User validation failed","errors":{"firstName":{"kind":"required","message":"Path `firstName` is required.","name":"ValidatorError","path":"firstName","properties":{"message":"Path `firstName` is required.","path":"firstName","type":"required"}},"lastName":{"kind":"required","message":"Path `lastName` is required.","name":"ValidatorError","path":"lastName","properties":{"message":"Path `lastName` is required.","path":"lastName","type":"required"}}},"level":"error","message":"Error in register:  User validation failed: lastName: Path `lastName` is required., firstName: Path `firstName` is required.","stack":"ValidationError: User validation failed: lastName: Path `lastName` is required., firstName: Path `firstName` is required.\n    at Document.invalidate (/Users/nicolassierra/Desktop/back-rosquilla/node_modules/mongoose/lib/document.js:3285:32)\n    at /Users/nicolassierra/Desktop/back-rosquilla/node_modules/mongoose/lib/document.js:3046:17\n    at /Users/nicolassierra/Desktop/back-rosquilla/node_modules/mongoose/lib/schemaType.js:1388:9\n    at process.processTicksAndRejections (node:internal/process/task_queues:77:11)"}
{"level":"info","message":"Server is starting on port 8080"}
{"level":"info","message":"Servidor escuchando en el puerto 8080"}
{"level":"info","message":"Connected to the database"}
{"_message":"User validation failed","errors":{"firstName":{"kind":"required","message":"Path `firstName` is required.","name":"ValidatorError","path":"firstName","properties":{"message":"Path `firstName` is required.","path":"firstName","type":"required"}},"lastName":{"kind":"required","message":"Path `lastName` is required.","name":"ValidatorError","path":"lastName","properties":{"message":"Path `lastName` is required.","path":"lastName","type":"required"}}},"level":"error","message":"Error in register:  User validation failed: lastName: Path `lastName` is required., firstName: Path `firstName` is required.","stack":"ValidationError: User validation failed: lastName: Path `lastName` is required., firstName: Path `firstName` is required.\n    at Document.invalidate (/Users/nicolassierra/Desktop/back-rosquilla/node_modules/mongoose/lib/document.js:3285:32)\n    at /Users/nicolassierra/Desktop/back-rosquilla/node_modules/mongoose/lib/document.js:3046:17\n    at /Users/nicolassierra/Desktop/back-rosquilla/node_modules/mongoose/lib/schemaType.js:1388:9\n    at process.processTicksAndRejections (node:internal/process/task_queues:77:11)"}
{"level":"info","message":"Server is starting on port 8080"}
{"level":"info","message":"Servidor escuchando en el puerto 8080"}
{"level":"info","message":"Connected to the database"}
{"_message":"User validation failed","errors":{"firstName":{"kind":"required","message":"Path `firstName` is required.","name":"ValidatorError","path":"firstName","properties":{"message":"Path `firstName` is required.","path":"firstName","type":"required"}},"lastName":{"kind":"required","message":"Path `lastName` is required.","name":"ValidatorError","path":"lastName","properties":{"message":"Path `lastName` is required.","path":"lastName","type":"required"}}},"level":"error","message":"Error in register:  User validation failed: lastName: Path `lastName` is required., firstName: Path `firstName` is required.","stack":"ValidationError: User validation failed: lastName: Path `lastName` is required., firstName: Path `firstName` is required.\n    at Document.invalidate (/Users/nicolassierra/Desktop/back-rosquilla/node_modules/mongoose/lib/document.js:3285:32)\n    at /Users/nicolassierra/Desktop/back-rosquilla/node_modules/mongoose/lib/document.js:3046:17\n    at /Users/nicolassierra/Desktop/back-rosquilla/node_modules/mongoose/lib/schemaType.js:1388:9\n    at process.processTicksAndRejections (node:internal/process/task_queues:77:11)"}
{"level":"info","message":"Server is starting on port 8080"}
{"level":"info","message":"Servidor escuchando en el puerto 8080"}
{"level":"info","message":"Connected to the database"}
{"level":"info","message":"Server is starting on port 8080"}
{"level":"info","message":"Servidor escuchando en el puerto 8080"}
{"level":"info","message":"Connected to the database"}
{"level":"info","message":"Server is starting on port 8080"}
{"level":"info","message":"Servidor escuchando en el puerto 8080"}
{"level":"info","message":"Connected to the database"}
{"level":"info","message":"Server is starting on port 8080"}
{"level":"info","message":"Servidor escuchando en el puerto 8080"}
{"level":"info","message":"Connected to the database"}
{"level":"info","message":"Server is starting on port 8080"}
{"level":"info","message":"Servidor escuchando en el puerto 8080"}
{"level":"info","message":"Connected to the database"}
{"level":"info","message":"Server is starting on port 8080"}
{"level":"info","message":"Servidor escuchando en el puerto 8080"}
{"level":"info","message":"Connected to the database"}
{"level":"info","message":"Server is starting on port 8080"}
{"level":"info","message":"Servidor escuchando en el puerto 8080"}
{"level":"info","message":"Connected to the database"}
{"level":"info","message":"Server is starting on port 8080"}
{"level":"info","message":"Servidor escuchando en el puerto 8080"}
{"level":"info","message":"Connected to the database"}
{"level":"info","message":"Server is starting on port 8080"}
{"level":"info","message":"Servidor escuchando en el puerto 8080"}
{"level":"info","message":"Connected to the database"}
{"level":"info","message":"Server is starting on port 8080"}
{"level":"info","message":"Servidor escuchando en el puerto 8080"}
{"level":"info","message":"Connected to the database"}
{"level":"info","message":"Server is starting on port 8080"}
{"level":"info","message":"Servidor escuchando en el puerto 8080"}
{"level":"info","message":"Connected to the database"}
{"level":"info","message":"Server is starting on port 8080"}
{"level":"info","message":"Servidor escuchando en el puerto 8080"}
{"level":"info","message":"Connected to the database"}
{"level":"info","message":"GET / - Homepage"}
{"level":"info","message":"User register: robessrto@roberto.com"}
{"level":"info","message":"Server is starting on port 8080"}
{"level":"info","message":"Servidor escuchando en el puerto 8080"}
{"level":"info","message":"Connected to the database"}
{"level":"info","message":"Server is starting on port 8080"}
{"level":"info","message":"Servidor escuchando en el puerto 8080"}
{"level":"info","message":"Connected to the database"}
{"level":"info","message":"Server is starting on port 8080"}
{"level":"info","message":"Servidor escuchando en el puerto 8080"}
{"level":"info","message":"Connected to the database"}
{"level":"info","message":"Server is starting on port 8080"}
{"level":"info","message":"Servidor escuchando en el puerto 8080"}
{"level":"info","message":"Connected to the database"}
{"level":"info","message":"Server is starting on port 8080"}
{"level":"info","message":"Servidor escuchando en el puerto 8080"}
{"level":"info","message":"Connected to the database"}
{"level":"info","message":"Server is starting on port 8080"}
{"level":"info","message":"Servidor escuchando en el puerto 8080"}
{"level":"info","message":"Connected to the database"}
{"level":"info","message":"Server is starting on port 8080"}
{"level":"info","message":"Servidor escuchando en el puerto 8080"}
{"level":"info","message":"Connected to the database"}
{"level":"info","message":"User register: teste@exemplo.us"}
{"level":"info","message":"Server is starting on port 8080"}
{"level":"info","message":"Servidor escuchando en el puerto 8080"}
{"level":"info","message":"Connected to the database"}
{"level":"info","message":"User register: test@example.us"}
{"level":"info","message":"Server is starting on port 8080"}
{"level":"info","message":"Servidor escuchando en el puerto 8080"}
{"level":"info","message":"Connected to the database"}
{"level":"info","message":"User register: teddst@example.us"}
{"level":"info","message":"Server is starting on port 8080"}
{"level":"info","message":"Servidor escuchando en el puerto 8080"}
{"level":"info","message":"Connected to the database"}
{"level":"info","message":"Server is starting on port 8080"}
{"level":"info","message":"Servidor escuchando en el puerto 8080"}
{"level":"info","message":"Connected to the database"}
{"level":"info","message":"User register: tesssst@beispiel.de"}
{"level":"info","message":"Server is starting on port 8080"}
{"level":"info","message":"Servidor escuchando en el puerto 8080"}
{"level":"info","message":"Connected to the database"}
{"level":"info","message":"User register: isdhfoishdgoi@pan.com"}
{"level":"info","message":"GitHub login successful for user: nicolas95u@gmail.com"}
{"level":"info","message":"GitHub login successful for user: nicolas95u@gmail.com"}
{"level":"info","message":"GitHub login successful for user: nicolas95u@gmail.com"}
{"level":"info","message":"Server is starting on port 8080"}
{"level":"info","message":"Servidor escuchando en el puerto 8080"}
{"level":"info","message":"Connected to the database"}
{"level":"info","message":"GitHub login successful for user: nicolas95u@gmail.com"}
{"level":"info","message":"User logged out successfully"}
{"level":"info","message":"Server is starting on port 8080"}
{"level":"info","message":"Servidor escuchando en el puerto 8080"}
{"level":"info","message":"Connected to the database"}
{"level":"info","message":"Server is starting on port 8080"}
{"level":"info","message":"Servidor escuchando en el puerto 8080"}
{"level":"info","message":"Connected to the database"}
{"level":"info","message":"GitHub login successful for user: nicolas95u@gmail.com"}
{"level":"info","message":"User logged out successfully"}
{"level":"info","message":"GitHub login successful for user: nicolas95u@gmail.com"}
{"level":"info","message":"User logged out successfully"}
{"level":"info","message":"GET / - Homepage"}
{"level":"info","message":"User register: mandarina@gmail.com"}
{"level":"warn","message":"Fail login endpoint hit"}
{"level":"info","message":"User register: mandarinaa@gmail.com"}
{"level":"warn","message":"Fail login endpoint hit"}
{"level":"info","message":"Server is starting on port 8080"}
{"level":"info","message":"Servidor escuchando en el puerto 8080"}
{"level":"info","message":"Connected to the database"}
{"level":"info","message":"Server is starting on port 8080"}
{"level":"info","message":"Servidor escuchando en el puerto 8080"}
{"level":"info","message":"Connected to the database"}
{"level":"info","message":"Server is starting on port 8080"}
{"level":"info","message":"Server is starting on port 8080"}
{"level":"info","message":"Servidor escuchando en el puerto 8080"}
{"level":"info","message":"Connected to the database"}
{"level":"warn","message":"Fail login endpoint hit"}
{"level":"info","message":"Server is starting on port 8080"}
{"level":"info","message":"Servidor escuchando en el puerto 8080"}
{"level":"info","message":"Connected to the database"}
{"level":"info","message":"User register: mandarinaa@gmail.com"}
{"level":"warn","message":"Fail login endpoint hit"}
{"level":"info","message":"Server is starting on port 8080"}
{"level":"info","message":"Servidor escuchando en el puerto 8080"}
{"level":"info","message":"Connected to the database"}
{"level":"info","message":"Server is starting on port 8080"}
{"level":"info","message":"Servidor escuchando en el puerto 8080"}
{"level":"info","message":"Connected to the database"}
{"level":"info","message":"User register: mandarinaa@gmail.com"}
{"level":"warn","message":"Fail login endpoint hit"}
{"level":"info","message":"Server is starting on port 8080"}
{"level":"info","message":"Servidor escuchando en el puerto 8080"}
{"level":"info","message":"Connected to the database"}
{"level":"info","message":"Server is starting on port 8080"}
{"level":"info","message":"Servidor escuchando en el puerto 8080"}
{"level":"info","message":"Connected to the database"}
{"level":"info","message":"Parameter \"filter\" to findOne() must be an object, got \"mandarinaa@gmail.com\" (type string)"}
{"level":"info","message":"Parameter \"filter\" to findOne() must be an object, got \"mandarinaa@gmail.com\" (type string)"}
{"level":"info","message":"Server is starting on port 8080"}
{"level":"info","message":"Servidor escuchando en el puerto 8080"}
{"level":"info","message":"Connected to the database"}
{"level":"info","message":"User register: galactico@gmail.com"}
{"level":"warn","message":"Fail login endpoint hit"}
{"level":"info","message":"Server is starting on port 8080"}
{"level":"info","message":"Servidor escuchando en el puerto 8080"}
{"level":"info","message":"Connected to the database"}
{"level":"info","message":"Server is starting on port 8080"}
{"level":"info","message":"Servidor escuchando en el puerto 8080"}
{"level":"info","message":"Connected to the database"}
{"level":"info","message":"Server is starting on port 8080"}
{"level":"info","message":"Servidor escuchando en el puerto 8080"}
{"level":"info","message":"Connected to the database"}
{"level":"info","message":"Server is starting on port 8080"}
{"level":"info","message":"Servidor escuchando en el puerto 8080"}
{"level":"info","message":"Connected to the database"}
{"level":"info","message":"GET / - Homepage"}
{"level":"info","message":"User register: pepino21@gmail.com"}
{"level":"warn","message":"Fail login endpoint hit"}
{"level":"warn","message":"Fail login endpoint hit"}
{"level":"warn","message":"Fail login endpoint hit"}
{"level":"warn","message":"Fail login endpoint hit"}
{"level":"info","message":"Server is starting on port 8080"}
{"level":"info","message":"Servidor escuchando en el puerto 8080"}
{"level":"info","message":"Connected to the database"}
{"level":"info","message":"Server is starting on port 8080"}
{"level":"info","message":"Servidor escuchando en el puerto 8080"}
{"level":"info","message":"Connected to the database"}
{"level":"info","message":"Server is starting on port 8080"}
{"level":"info","message":"Servidor escuchando en el puerto 8080"}
{"level":"info","message":"Connected to the database"}
{"level":"warn","message":"Fail login endpoint hit"}
{"level":"info","message":"Server is starting on port 8080"}
{"level":"info","message":"Servidor escuchando en el puerto 8080"}
{"level":"info","message":"Connected to the database"}
{"level":"info","message":"Server is starting on port 8080"}
{"level":"info","message":"Servidor escuchando en el puerto 8080"}
{"level":"info","message":"Connected to the database"}
{"level":"info","message":"Server is starting on port 8080"}
{"level":"info","message":"Servidor escuchando en el puerto 8080"}
{"level":"info","message":"Connected to the database"}
{"level":"info","message":"Server is starting on port 8080"}
{"level":"info","message":"Servidor escuchando en el puerto 8080"}
{"level":"info","message":"Connected to the database"}
{"level":"info","message":"Server is starting on port 8080"}
{"level":"info","message":"Servidor escuchando en el puerto 8080"}
{"level":"info","message":"Connected to the database"}
{"level":"info","message":"Server is starting on port 8080"}
{"level":"info","message":"Servidor escuchando en el puerto 8080"}
{"level":"info","message":"Connected to the database"}
{"level":"info","message":"Server is starting on port 8080"}
{"level":"info","message":"Servidor escuchando en el puerto 8080"}
{"level":"info","message":"Server is starting on port 8080"}
{"level":"info","message":"Servidor escuchando en el puerto 8080"}
{"level":"info","message":"Connected to the database"}
{"level":"warn","message":"Fail login endpoint hit"}
{"level":"info","message":"Server is starting on port 8080"}
{"level":"info","message":"Servidor escuchando en el puerto 8080"}
{"level":"info","message":"Connected to the database"}
{"level":"info","message":"Server is starting on port 8080"}
{"level":"info","message":"Servidor escuchando en el puerto 8080"}
{"level":"info","message":"Connected to the database"}
{"level":"info","message":"Server is starting on port 8080"}
{"level":"info","message":"Servidor escuchando en el puerto 8080"}
{"level":"info","message":"Connected to the database"}
{"level":"info","message":"Server is starting on port 8080"}
{"level":"info","message":"Servidor escuchando en el puerto 8080"}
{"level":"info","message":"Connected to the database"}
{"level":"info","message":"Server is starting on port 8080"}
{"level":"info","message":"Servidor escuchando en el puerto 8080"}
{"level":"info","message":"Connected to the database"}
{"level":"warn","message":"Fail login endpoint hit"}
{"level":"info","message":"Server is starting on port 8080"}
{"level":"info","message":"Servidor escuchando en el puerto 8080"}
{"level":"info","message":"Connected to the database"}
{"level":"warn","message":"Fail login endpoint hit"}
{"level":"info","message":"Server is starting on port 8080"}
{"level":"info","message":"Servidor escuchando en el puerto 8080"}
{"level":"info","message":"Connected to the database"}
{"level":"warn","message":"Fail login endpoint hit"}
{"level":"info","message":"Server is starting on port 8080"}
{"level":"info","message":"Servidor escuchando en el puerto 8080"}
{"level":"info","message":"Connected to the database"}
{"level":"info","message":"Server is starting on port 8080"}
{"level":"info","message":"Servidor escuchando en el puerto 8080"}
{"level":"info","message":"Server is starting on port 8080"}
{"level":"info","message":"Servidor escuchando en el puerto 8080"}
{"level":"info","message":"Connected to the database"}
{"level":"info","message":"Server is starting on port 8080"}
{"level":"info","message":"Servidor escuchando en el puerto 8080"}
{"level":"info","message":"Connected to the database"}
{"level":"warn","message":"Fail login endpoint hit"}
{"level":"info","message":"Server is starting on port 8080"}
{"level":"info","message":"Servidor escuchando en el puerto 8080"}
{"level":"info","message":"Connected to the database"}
{"level":"info","message":"Server is starting on port 8080"}
{"level":"info","message":"Servidor escuchando en el puerto 8080"}
{"level":"info","message":"Connected to the database"}
{"level":"info","message":"Server is starting on port 8080"}
{"level":"info","message":"Servidor escuchando en el puerto 8080"}
{"level":"info","message":"Connected to the database"}
{"level":"info","message":"Server is starting on port 8080"}
{"level":"info","message":"Servidor escuchando en el puerto 8080"}
{"level":"info","message":"Server is starting on port 8080"}
{"level":"info","message":"Servidor escuchando en el puerto 8080"}
{"level":"info","message":"Connected to the database"}
{"level":"info","message":"Server is starting on port 8080"}
{"level":"info","message":"Servidor escuchando en el puerto 8080"}
{"level":"info","message":"Connected to the database"}
{"level":"info","message":"Server is starting on port 8080"}
{"level":"info","message":"Servidor escuchando en el puerto 8080"}
{"level":"info","message":"Connected to the database"}
{"level":"info","message":"Server is starting on port 8080"}
{"level":"info","message":"Servidor escuchando en el puerto 8080"}
{"level":"info","message":"Connected to the database"}
{"level":"info","message":"Server is starting on port 8080"}
{"level":"info","message":"Servidor escuchando en el puerto 8080"}
{"level":"info","message":"Connected to the database"}
{"level":"info","message":"Server is starting on port 8080"}
{"level":"info","message":"Servidor escuchando en el puerto 8080"}
{"level":"info","message":"Connected to the database"}
{"level":"info","message":"Server is starting on port 8080"}
{"level":"info","message":"Servidor escuchando en el puerto 8080"}
{"level":"info","message":"Connected to the database"}
{"level":"info","message":"User register: nico@mandarina.com"}
{"level":"info","message":"Server is starting on port 8080"}
{"level":"info","message":"Servidor escuchando en el puerto 8080"}
{"level":"info","message":"Connected to the database"}
{"level":"info","message":"Server is starting on port 8080"}
{"level":"info","message":"Servidor escuchando en el puerto 8080"}
{"level":"info","message":"Connected to the database"}
{"level":"info","message":"Server is starting on port 8080"}
{"level":"info","message":"Servidor escuchando en el puerto 8080"}
{"level":"info","message":"Connected to the database"}
{"level":"info","message":"Server is starting on port 8080"}
{"level":"info","message":"Servidor escuchando en el puerto 8080"}
{"level":"info","message":"Connected to the database"}
{"level":"info","message":"Server is starting on port 8080"}
{"level":"info","message":"Servidor escuchando en el puerto 8080"}
{"level":"info","message":"Connected to the database"}
{"level":"info","message":"Server is starting on port 8080"}
{"level":"info","message":"Servidor escuchando en el puerto 8080"}
{"level":"info","message":"Server is starting on port 8080"}
{"level":"info","message":"Servidor escuchando en el puerto 8080"}
{"level":"info","message":"Connected to the database"}
{"level":"info","message":"User register: pepino2121@gmail.com"}
{"level":"warn","message":"Fail login endpoint hit"}
{"level":"info","message":"Server is starting on port 8080"}
{"level":"info","message":"Servidor escuchando en el puerto 8080"}
{"level":"info","message":"Connected to the database"}
{"level":"warn","message":"Fail login endpoint hit"}
{"level":"info","message":"Server is starting on port 8080"}
{"level":"info","message":"Servidor escuchando en el puerto 8080"}
{"level":"info","message":"Connected to the database"}
{"level":"info","message":"Server is starting on port 8080"}
{"level":"info","message":"Servidor escuchando en el puerto 8080"}
{"level":"info","message":"Connected to the database"}
{"level":"warn","message":"Fail login endpoint hit"}
{"level":"info","message":"Server is starting on port 8080"}
{"level":"info","message":"Servidor escuchando en el puerto 8080"}
{"level":"info","message":"Connected to the database"}
{"level":"info","message":"Server is starting on port 8080"}
{"level":"info","message":"Servidor escuchando en el puerto 8080"}
{"level":"info","message":"Connected to the database"}
{"level":"info","message":"User logged in: pepino2121@gmail.com"}
{"level":"info","message":"Server is starting on port 8080"}
{"level":"info","message":"Servidor escuchando en el puerto 8080"}
{"level":"info","message":"Connected to the database"}
{"level":"info","message":"Server is starting on port 8080"}
{"level":"info","message":"Servidor escuchando en el puerto 8080"}
{"level":"info","message":"Connected to the database"}
{"level":"info","message":"User register: sandra23@gmail.com"}
{"level":"info","message":"User logged in: sandra23@gmail.com"}
{"level":"info","message":"Server is starting on port 8080"}
{"level":"info","message":"Servidor escuchando en el puerto 8080"}
{"level":"info","message":"Connected to the database"}
{"level":"info","message":"Server is starting on port 8080"}
{"level":"info","message":"Servidor escuchando en el puerto 8080"}
{"level":"info","message":"Connected to the database"}
{"level":"info","message":"User logged in: sandra23@gmail.com"}
{"level":"info","message":"Server is starting on port 8080"}
{"level":"info","message":"Servidor escuchando en el puerto 8080"}
{"level":"info","message":"Connected to the database"}
{"level":"info","message":"User logged in: sandra23@gmail.com"}
{"level":"info","message":"Server is starting on port 8080"}
{"level":"info","message":"Servidor escuchando en el puerto 8080"}
{"level":"info","message":"Connected to the database"}
{"level":"info","message":"Server is starting on port 8080"}
{"level":"info","message":"Servidor escuchando en el puerto 8080"}
{"level":"info","message":"Connected to the database"}
{"level":"info","message":"Server is starting on port 8080"}
{"level":"info","message":"Servidor escuchando en el puerto 8080"}
{"level":"info","message":"Connected to the database"}
{"level":"info","message":"Server is starting on port 8080"}
{"level":"info","message":"Servidor escuchando en el puerto 8080"}
{"level":"info","message":"Connected to the database"}
{"level":"info","message":"Server is starting on port 8080"}
{"level":"info","message":"Servidor escuchando en el puerto 8080"}
{"level":"info","message":"Connected to the database"}
{"level":"info","message":"Server is starting on port 8080"}
{"level":"info","message":"Servidor escuchando en el puerto 8080"}
{"level":"info","message":"Connected to the database"}
{"level":"info","message":"Server is starting on port 8080"}
{"level":"info","message":"Servidor escuchando en el puerto 8080"}
{"level":"info","message":"Server is starting on port 8080"}
{"level":"info","message":"Servidor escuchando en el puerto 8080"}
{"level":"info","message":"Connected to the database"}
{"level":"info","message":"Server is starting on port 8080"}
{"level":"info","message":"Servidor escuchando en el puerto 8080"}
{"level":"info","message":"Connected to the database"}
{"level":"info","message":"Server is starting on port 8080"}
{"level":"info","message":"Servidor escuchando en el puerto 8080"}
{"level":"info","message":"Connected to the database"}
{"level":"info","message":"User logged out successfully"}
{"level":"info","message":"Server is starting on port 8080"}
{"level":"info","message":"Servidor escuchando en el puerto 8080"}
{"level":"info","message":"Connected to the database"}
{"level":"info","message":"Server is starting on port 8080"}
{"level":"info","message":"Servidor escuchando en el puerto 8080"}
{"level":"info","message":"Connected to the database"}
{"level":"info","message":"Server is starting on port 8080"}
{"level":"info","message":"Servidor escuchando en el puerto 8080"}
{"level":"info","message":"Connected to the database"}
{"level":"info","message":"Server is starting on port 8080"}
{"level":"info","message":"Servidor escuchando en el puerto 8080"}
{"level":"info","message":"Connected to the database"}
{"level":"info","message":"Server is starting on port 8080"}
{"level":"info","message":"Servidor escuchando en el puerto 8080"}
{"level":"info","message":"Connected to the database"}
{"level":"info","message":"Server is starting on port 8080"}
{"level":"info","message":"Servidor escuchando en el puerto 8080"}
{"level":"info","message":"Server is starting on port 8080"}
{"level":"info","message":"Servidor escuchando en el puerto 8080"}
{"level":"info","message":"Connected to the database"}
{"level":"info","message":"User logged in: sandra23@gmail.com"}
{"level":"info","message":"Server is starting on port 8080"}
{"level":"info","message":"Servidor escuchando en el puerto 8080"}
{"level":"info","message":"Connected to the database"}
{"level":"info","message":"Server is starting on port 8080"}
{"level":"info","message":"Servidor escuchando en el puerto 8080"}
{"level":"info","message":"Connected to the database"}
{"level":"info","message":"Server is starting on port 8080"}
{"level":"info","message":"Servidor escuchando en el puerto 8080"}
{"level":"info","message":"Connected to the database"}
{"level":"info","message":"User logged out successfully"}
{"level":"info","message":"User logged in: sandra23@gmail.com"}
{"level":"info","message":"Server is starting on port 8080"}
{"level":"info","message":"Servidor escuchando en el puerto 8080"}
{"level":"info","message":"Connected to the database"}
{"level":"info","message":"User logged out successfully"}
{"level":"info","message":"User logged in: sandra23@gmail.com"}
{"level":"info","message":"Server is starting on port 8080"}
{"level":"info","message":"Servidor escuchando en el puerto 8080"}
{"level":"info","message":"Connected to the database"}
{"level":"info","message":"User logged out successfully"}
{"level":"info","message":"User logged in: sandra23@gmail.com"}
{"level":"info","message":"Server is starting on port 8080"}
{"level":"info","message":"Servidor escuchando en el puerto 8080"}
{"level":"info","message":"Connected to the database"}
{"level":"info","message":"Server is starting on port 8080"}
{"level":"info","message":"Servidor escuchando en el puerto 8080"}
{"level":"info","message":"Connected to the database"}
{"level":"info","message":"Server is starting on port 8080"}
{"level":"info","message":"Servidor escuchando en el puerto 8080"}
{"level":"info","message":"Connected to the database"}
{"level":"info","message":"User logged out successfully"}
{"level":"info","message":"Server is starting on port 8080"}
{"level":"info","message":"Servidor escuchando en el puerto 8080"}
{"level":"info","message":"Connected to the database"}
{"level":"info","message":"Server is starting on port 8080"}
{"level":"info","message":"Servidor escuchando en el puerto 8080"}
{"level":"info","message":"Connected to the database"}
{"level":"info","message":"Server is starting on port 8080"}
{"level":"info","message":"Servidor escuchando en el puerto 8080"}
{"level":"info","message":"Connected to the database"}
{"level":"info","message":"User logged out successfully"}
{"level":"info","message":"User logged out successfully"}
{"level":"info","message":"User logged in: sandra23@gmail.com"}
{"level":"info","message":"User logged out successfully"}
{"level":"info","message":"GitHub login successful for user: nicolas95u@gmail.com"}
<<<<<<< HEAD
=======
{"level":"info","message":"Server is starting on port 8080"}
{"level":"info","message":"Servidor escuchando en el puerto 8080"}
{"level":"info","message":"Connected to the database"}
{"level":"info","message":"Server is starting on port 8080"}
{"level":"info","message":"Servidor escuchando en el puerto 8080"}
{"level":"info","message":"Connected to the database"}
{"level":"info","message":"Server is starting on port 8080"}
{"level":"info","message":"Servidor escuchando en el puerto 8080"}
{"level":"info","message":"Connected to the database"}
>>>>>>> a192657 (nueva pc)
{"level":"info","message":"Server is starting on port 8080"}
{"level":"info","message":"Servidor escuchando en el puerto 8080"}
{"level":"info","message":"Connected to the database"}
{"level":"info","message":"Server is starting on port 8080"}
{"level":"info","message":"Servidor escuchando en el puerto 8080"}
{"level":"info","message":"Connected to the database"}
{"level":"info","message":"Server is starting on port 8080"}
{"level":"info","message":"Servidor escuchando en el puerto 8080"}
{"level":"info","message":"Connected to the database"}
{"level":"info","message":"Server is starting on port 8080"}
{"level":"info","message":"Servidor escuchando en el puerto 8080"}
{"level":"info","message":"Connected to the database"}
{"level":"info","message":"Server is starting on port 8080"}
{"level":"info","message":"Servidor escuchando en el puerto 8080"}
{"level":"info","message":"Connected to the database"}
{"level":"info","message":"Server is starting on port 8080"}
{"level":"info","message":"Servidor escuchando en el puerto 8080"}
{"level":"info","message":"Connected to the database"}
{"level":"info","message":"Server is starting on port 8080"}
{"level":"info","message":"Servidor escuchando en el puerto 8080"}
{"level":"info","message":"Connected to the database"}
{"level":"info","message":"Server is starting on port 8080"}
{"level":"info","message":"Servidor escuchando en el puerto 8080"}
{"level":"info","message":"Connected to the database"}
