2024-06-17 22:32:03 [[32minfo[39m]: Server is starting on port 8080
2024-06-17 22:32:03 [[32minfo[39m]: Servidor escuchando en el puerto 8080
2024-06-17 22:33:26 [[34mdebug[39m]: This is a debug log
2024-06-17 22:33:26 [[35mhttp[39m]: This is an http log
2024-06-17 22:33:26 [[32minfo[39m]: This is an info log
2024-06-17 22:33:26 [[33mwarn[39m]: This is a warning log
2024-06-17 22:33:26 [[31merror[39m]: This is an error log
2024-06-17 22:39:10 [[32minfo[39m]: Server is starting on port 8080
2024-06-17 22:39:10 [[32minfo[39m]: Servidor escuchando en el puerto 8080
2024-06-17 22:46:59 [[32minfo[39m]: Server is starting on port 8080
2024-06-17 22:46:59 [[32minfo[39m]: Servidor escuchando en el puerto 8080
2024-06-17 22:50:18 [[32minfo[39m]: Server is starting on port 8080
2024-06-17 22:50:18 [[32minfo[39m]: Servidor escuchando en el puerto 8080
2024-06-17 22:53:15 [[32minfo[39m]: Server is starting on port 8080
2024-06-17 22:53:15 [[32minfo[39m]: Servidor escuchando en el puerto 8080
2024-06-17 22:54:04 [[32minfo[39m]: Server is starting on port 8080
2024-06-17 22:54:04 [[32minfo[39m]: Servidor escuchando en el puerto 8080
2024-06-17 22:54:31 [[32minfo[39m]: Server is starting on port 8080
2024-06-17 22:54:31 [[32minfo[39m]: Servidor escuchando en el puerto 8080
2024-06-17 22:55:02 [[32minfo[39m]: Server is starting on port 8080
2024-06-17 22:55:02 [[32minfo[39m]: Servidor escuchando en el puerto 8080
2024-06-17 22:55:23 [[32minfo[39m]: Server is starting on port 8080
2024-06-17 22:55:23 [[32minfo[39m]: Servidor escuchando en el puerto 8080
2024-06-17 22:57:17 [[32minfo[39m]: Server is starting on port 8080
2024-06-17 22:57:17 [[32minfo[39m]: Servidor escuchando en el puerto 8080
